Date/Time:       2024-02-18 12:02:17 
Command line:    C:\Users\USER\AppData\Local\Programs\Python\Python310\Scripts\briefcase run android --update

OS Release:      Windows 10
OS Version:      10.0.22621
Architecture:    AMD64
Platform:        Windows-10-10.0.22621-SP0

Python exe:      C:\Users\USER\AppData\Local\Programs\Python\Python310\python.exe
Python version:  3.10.8 (tags/v3.10.8:aaaf517, Oct 11 2022, 16:50:30) [MSC v.1933 64 bit (AMD64)]
Virtual env:     False
Conda env:       False

Briefcase:       0.3.17
Target platform: android
Target format:   gradle

Environment Variables:
	ALLUSERSPROFILE=C:\ProgramData
	APPDATA=C:\Users\USER\AppData\Roaming
	CHOCOLATEYINSTALL=C:\ProgramData\chocolatey
	CHOCOLATEYLASTPATHUPDATE=133104585271200455
	CHROME_CRASHPAD_PIPE_NAME=\\.\pipe\crashpad_5764_ZNIHLTXCXLNDHXUC
	COLORTERM=truecolor
	COMMONPROGRAMFILES=C:\Program Files\Common Files
	COMMONPROGRAMFILES(X86)=C:\Program Files (x86)\Common Files
	COMMONPROGRAMW6432=C:\Program Files\Common Files
	COMPUTERNAME=LAPTOP-5GSAESA1
	COMSPEC=C:\WINDOWS\system32\cmd.exe
	DRIVERDATA=C:\Windows\System32\Drivers\DriverData
	EFC_4572=1
	GIT_ASKPASS=********************
	HOMEDRIVE=C:
	HOMEPATH=\Users\USER
	LANG=en_US.UTF-8
	LOCALAPPDATA=C:\Users\USER\AppData\Local
	LOGONSERVER=\\LAPTOP-5GSAESA1
	LYNX=C:\Program Files (x86)\Lynx - web browser\lynx.exe
	NUMBER_OF_PROCESSORS=4
	ONEDRIVE=C:\Users\USER\OneDrive
	ORIGINAL_XDG_CURRENT_DESKTOP=undefined
	OS=Windows_NT
	PATH=C:\Program Files\Common Files\Oracle\Java\javapath;C:\WINDOWS\system32;C:\WINDOWS;C:\WINDOWS\System32\Wbem;C:\WINDOWS\System32\WindowsPowerShell\v1.0\;C:\WINDOWS\System32\OpenSSH\;C:\Program Files\nodejs\;C:\Program Files\Git\cmd;C:\ProgramData\chocolatey\bin;C:\Users\USER\AppData\Local\Programs\Python\Python310;C:\Users\USER\AppData\Local\Programs\Python\Python310\Scripts;C:\xampp\php;C:\ProgramData\ComposerSetup\bin;C:\Users\USER\AppData\Local\Microsoft\WindowsApps;C:\Users\USER\AppData\Local\Programs\Microsoft VS Code\bin;C:\Users\USER\AppData\Roaming\npm;C:\Users\USER\AppData\Local\GitHubDesktop\bin;C:\Users\USER\AppData\Roaming\TinyTeX\bin\win32;C:\Users\USER\AppData\Roaming\Composer\vendor\bin
	PATHEXT=.COM;.EXE;.BAT;.CMD;.VBS;.VBE;.JS;.JSE;.WSF;.WSH;.MSC;.CPL
	PROCESSOR_ARCHITECTURE=AMD64
	PROCESSOR_IDENTIFIER=Intel64 Family 6 Model 140 Stepping 1, GenuineIntel
	PROCESSOR_LEVEL=6
	PROCESSOR_REVISION=8c01
	PROGRAMDATA=C:\ProgramData
	PROGRAMFILES=C:\Program Files
	PROGRAMFILES(X86)=C:\Program Files (x86)
	PROGRAMW6432=C:\Program Files
	PSMODULEPATH=C:\Users\USER\Documents\WindowsPowerShell\Modules;C:\Program Files\WindowsPowerShell\Modules;C:\WINDOWS\system32\WindowsPowerShell\v1.0\Modules
	PUBLIC=C:\Users\Public
	SESSIONNAME=Console
	SYSTEMDRIVE=C:
	SYSTEMROOT=C:\WINDOWS
	TEMP=C:\Users\USER\AppData\Local\Temp
	TERM_PROGRAM=vscode
	TERM_PROGRAM_VERSION=1.86.2
	TMP=C:\Users\USER\AppData\Local\Temp
	USERDOMAIN=LAPTOP-5GSAESA1
	USERDOMAIN_ROAMINGPROFILE=LAPTOP-5GSAESA1
	USERNAME=USER
	USERPROFILE=C:\Users\USER
	VBOX_MSI_INSTALL_PATH=C:\Program Files\Oracle\VirtualBox\
	VS140COMNTOOLS=C:\Program Files (x86)\Microsoft Visual Studio 14.0\Common7\Tools\
	VSCODE_GIT_ASKPASS_EXTRA_ARGS=********************
	VSCODE_GIT_ASKPASS_MAIN=********************
	VSCODE_GIT_ASKPASS_NODE=********************
	VSCODE_GIT_IPC_HANDLE=\\.\pipe\vscode-git-344c976565-sock
	VSCODE_INJECTION=1
	VSCODE_NONCE=b7aaa0d9-fb1a-4ca1-8ab8-9089045c2c9d
	WINDIR=C:\WINDOWS
	ZES_ENABLE_SYSMAN=1
	__PSLOCKDOWNPOLICY=0

Briefcase Log:
[12:02:05] Using JDK at C:\Users\USER\AppData\Local\BeeWare\briefcase\Cache\tools\java17                                                                                 java.py:261
           Using Android SDK at C:\Users\USER\AppData\Local\BeeWare\briefcase\Cache\tools\android_sdk                                                             android_sdk.py:363
           Android emulator is already installed.                                                                                                                 android_sdk.py:638
                                                                                                                                                                        update.py:43
           [helloworld] Updating application code...                                                                                                                    update.py:43
           Installing src/helloworld... done                                                                                                                           create.py:624
[12:02:06]                                                                                                                                                              update.py:59
           [helloworld] Removing unneeded app content...                                                                                                                update.py:59
           Removing directory app\build\python\env\debug\Lib\site-packages\chaquopy\__pycache__                                                                        create.py:807
           Removing directory app\build\python\env\debug\Lib\site-packages\_distutils_hack\__pycache__                                                                 create.py:807
           Removing directory app\src\main\python\helloworld\__pycache__                                                                                               create.py:807
           Removing unneeded app bundle content... done                                                                                                                create.py:800
                                                                                                                                                                        update.py:62
           [helloworld] Application updated.                                                                                                                            update.py:62
                                                                                                                                                                       gradle.py:314
           [helloworld] Updating app metadata...                                                                                                                       gradle.py:314
           Setting main module... done                                                                                                                                 gradle.py:296
                                                                                                                                                                       gradle.py:317
           [helloworld] Building Android APK...                                                                                                                        gradle.py:317
           Android emulator is already installed.                                                                                                                 android_sdk.py:638
                                                                                                                                                                   subprocess.py:711
           >>> Running Command:                                                                                                                                    subprocess.py:711
           >>>     'C:\Users\USER\Documents\GitHub\sample\sampleapp\helloworld\build\helloworld\android\gradle\gradlew.bat' --console plain assembleDebug          subprocess.py:711
           >>> Working Directory:                                                                                                                                  subprocess.py:711
           >>>     C:\Users\USER\Documents\GitHub\sample\sampleapp\helloworld\build\helloworld\android\gradle                                                      subprocess.py:711
           >>> Environment Overrides:                                                                                                                              subprocess.py:711
           >>>     ANDROID_HOME=C:\Users\USER\AppData\Local\BeeWare\briefcase\Cache\tools\android_sdk                                                              subprocess.py:711
           >>>     ANDROID_SDK_ROOT=C:\Users\USER\AppData\Local\BeeWare\briefcase\Cache\tools\android_sdk                                                          subprocess.py:711
           >>>     JAVA_HOME=C:\Users\USER\AppData\Local\BeeWare\briefcase\Cache\tools\java17                                                                      subprocess.py:711
[12:02:07]                                                                                                                                                         subprocess.py:685
           > Configure project :app                                                                                                                                subprocess.py:685
           Warning: Python version 3.10 may have fewer packages available. If you experience problems, try switching to version 3.8.                               subprocess.py:685
[12:02:08]                                                                                                                                                         subprocess.py:685
           > Task :app:preBuild UP-TO-DATE                                                                                                                         subprocess.py:685
           > Task :app:preDebugBuild UP-TO-DATE                                                                                                                    subprocess.py:685
           > Task :app:mergeDebugNativeDebugMetadata NO-SOURCE                                                                                                     subprocess.py:685
           > Task :app:extractDebugPythonBuildPackages UP-TO-DATE                                                                                                  subprocess.py:685
           > Task :app:generateDebugPythonRequirements UP-TO-DATE                                                                                                  subprocess.py:685
           > Task :app:mergeDebugPythonSources                                                                                                                     subprocess.py:685
           > Task :app:generateDebugPythonProxies                                                                                                                  subprocess.py:685
           > Task :app:javaPreCompileDebug UP-TO-DATE                                                                                                              subprocess.py:685
           > Task :app:checkDebugAarMetadata UP-TO-DATE                                                                                                            subprocess.py:685
           > Task :app:generateDebugResValues UP-TO-DATE                                                                                                           subprocess.py:685
           > Task :app:mapDebugSourceSetPaths UP-TO-DATE                                                                                                           subprocess.py:685
           > Task :app:generateDebugResources UP-TO-DATE                                                                                                           subprocess.py:685
           > Task :app:mergeDebugResources UP-TO-DATE                                                                                                              subprocess.py:685
[12:02:09] > Task :app:packageDebugResources UP-TO-DATE                                                                                                            subprocess.py:685
           > Task :app:parseDebugLocalResources UP-TO-DATE                                                                                                         subprocess.py:685
           > Task :app:createDebugCompatibleScreenManifests UP-TO-DATE                                                                                             subprocess.py:685
           > Task :app:extractDeepLinksDebug UP-TO-DATE                                                                                                            subprocess.py:685
           > Task :app:processDebugMainManifest UP-TO-DATE                                                                                                         subprocess.py:685
           > Task :app:processDebugManifest UP-TO-DATE                                                                                                             subprocess.py:685
           > Task :app:processDebugManifestForPackage UP-TO-DATE                                                                                                   subprocess.py:685
           > Task :app:processDebugResources UP-TO-DATE                                                                                                            subprocess.py:685
           > Task :app:compileDebugJavaWithJavac UP-TO-DATE                                                                                                        subprocess.py:685
           > Task :app:mergeDebugShaders UP-TO-DATE                                                                                                                subprocess.py:685
           > Task :app:compileDebugShaders NO-SOURCE                                                                                                               subprocess.py:685
           > Task :app:generateDebugAssets UP-TO-DATE                                                                                                              subprocess.py:685
           > Task :app:generateDebugPythonMiscAssets UP-TO-DATE                                                                                                    subprocess.py:685
           > Task :app:generateDebugPythonRequirementsAssets UP-TO-DATE                                                                                            subprocess.py:685
           > Task :app:generateDebugPythonSourceAssets                                                                                                             subprocess.py:685
           > Task :app:generateDebugPythonBuildAssets                                                                                                              subprocess.py:685
           > Task :app:mergeDebugAssets                                                                                                                            subprocess.py:685
           > Task :app:processDebugJavaRes NO-SOURCE                                                                                                               subprocess.py:685
           > Task :app:mergeDebugJavaResource UP-TO-DATE                                                                                                           subprocess.py:685
           > Task :app:checkDebugDuplicateClasses UP-TO-DATE                                                                                                       subprocess.py:685
           > Task :app:desugarDebugFileDependencies UP-TO-DATE                                                                                                     subprocess.py:685
           > Task :app:mergeExtDexDebug UP-TO-DATE                                                                                                                 subprocess.py:685
           > Task :app:mergeLibDexDebug UP-TO-DATE                                                                                                                 subprocess.py:685
           > Task :app:dexBuilderDebug UP-TO-DATE                                                                                                                  subprocess.py:685
           > Task :app:mergeProjectDexDebug UP-TO-DATE                                                                                                             subprocess.py:685
           > Task :app:generateDebugPythonJniLibs UP-TO-DATE                                                                                                       subprocess.py:685
[12:02:10] > Task :app:mergeDebugJniLibFolders UP-TO-DATE                                                                                                          subprocess.py:685
           > Task :app:mergeDebugNativeLibs UP-TO-DATE                                                                                                             subprocess.py:685
           > Task :app:stripDebugDebugSymbols UP-TO-DATE                                                                                                           subprocess.py:685
           > Task :app:validateSigningDebug UP-TO-DATE                                                                                                             subprocess.py:685
           > Task :app:writeDebugAppMetadata UP-TO-DATE                                                                                                            subprocess.py:685
           > Task :app:writeDebugSigningConfigVersions UP-TO-DATE                                                                                                  subprocess.py:685
           > Task :app:compressDebugAssets                                                                                                                         subprocess.py:685
           > Task :app:packageDebug                                                                                                                                subprocess.py:685
           > Task :app:createDebugApkListingFileRedirect UP-TO-DATE                                                                                                subprocess.py:685
           > Task :app:assembleDebug                                                                                                                               subprocess.py:685
                                                                                                                                                                   subprocess.py:685
           BUILD SUCCESSFUL in 3s                                                                                                                                  subprocess.py:685
           41 actionable tasks: 7 executed, 34 up-to-date                                                                                                          subprocess.py:685
           >>> Return code: 0                                                                                                                                      subprocess.py:711
           Building... done                                                                                                                                            gradle.py:318
                                                                                                                                                                         build.py:76
           [helloworld] Built build\helloworld\android\gradle\app\build\outputs\apk\debug\app-debug.apk                                                                  build.py:76
                                                                                                                                                                   subprocess.py:711
           >>> Running Command:                                                                                                                                    subprocess.py:711
           >>>     'C:\Users\USER\AppData\Local\BeeWare\briefcase\Cache\tools\android_sdk\platform-tools\adb.exe' devices -l                                       subprocess.py:711
           >>> Working Directory:                                                                                                                                  subprocess.py:711
           >>>     C:\Users\USER\Documents\GitHub\sample\sampleapp\helloworld                                                                                      subprocess.py:711
           >>> Command Output:                                                                                                                                     subprocess.py:711
           >>>     List of devices attached                                                                                                                        subprocess.py:711
           >>>     9c1724a                device product:1811 model:vivo_1811 device:1811 transport_id:21                                                          subprocess.py:711
           >>>                                                                                                                                                     subprocess.py:711
           >>> Return code: 0                                                                                                                                      subprocess.py:711
                                                                                                                                                                   subprocess.py:711
           >>> Running Command:                                                                                                                                    subprocess.py:711
           >>>     'C:\Users\USER\AppData\Local\BeeWare\briefcase\Cache\tools\android_sdk\platform-tools\adb.exe' -s 9c1724a emu avd name                          subprocess.py:711
           >>> Working Directory:                                                                                                                                  subprocess.py:711
           >>>     C:\Users\USER\Documents\GitHub\sample\sampleapp\helloworld                                                                                      subprocess.py:711
           >>> Return code: 1                                                                                                                                      subprocess.py:711
                                                                                                                                                                   subprocess.py:711
           >>> Running Command:                                                                                                                                    subprocess.py:711
           >>>     'C:\Users\USER\AppData\Local\BeeWare\briefcase\Cache\tools\android_sdk\emulator\emulator.exe' -list-avds                                        subprocess.py:711
[12:02:11] >>> Working Directory:                                                                                                                                  subprocess.py:711
           >>>     C:\Users\USER\Documents\GitHub\sample\sampleapp\helloworld                                                                                      subprocess.py:711
           >>> Command Output:                                                                                                                                     subprocess.py:711
           >>>     Pixel_3a_API_33_x86_64                                                                                                                          subprocess.py:711
           >>>     Pixel_5_API_30                                                                                                                                  subprocess.py:711
           >>> Return code: 0                                                                                                                                      subprocess.py:711
                                                                                                                                                                 android_sdk.py:1023
           Select device:                                                                                                                                        android_sdk.py:1024
                                                                                                                                                                 android_sdk.py:1025
             1) vivo 1811 (9c1724a)                                                                                                                                   console.py:730
             2) @Pixel_3a_API_33_x86_64 (emulator)                                                                                                                    console.py:730
             3) @Pixel_5_API_30 (emulator)                                                                                                                            console.py:730
             4) Create a new Android emulator                                                                                                                         console.py:730
                                                                                                                                                                      console.py:732
           >                                                                                                                                                          console.py:735
           User input: 1                                                                                                                                              console.py:735
                                                                                                                                                                 android_sdk.py:1078
           In future, you can specify this device by running:                                                                                                    android_sdk.py:1078
                                                                                                                                                                 android_sdk.py:1078
               $ briefcase run android -d 9c1724a                                                                                                                android_sdk.py:1078
                                                                                                                                                                       gradle.py:405
           [helloworld] Starting app on vivo 1811 (9c1724a) (device ID 9c1724a)                                                                                        gradle.py:405
                                                                                                                                                                       gradle.py:417
           [helloworld] Installing app...                                                                                                                              gradle.py:417
                                                                                                                                                                   subprocess.py:711
           >>> Running Command:                                                                                                                                    subprocess.py:711
           >>>     'C:\Users\USER\AppData\Local\BeeWare\briefcase\Cache\tools\android_sdk\platform-tools\adb.exe' -s 9c1724a shell am force-stop                   subprocess.py:711
           com.example.helloworld                                                                                                                                                   
           >>> Working Directory:                                                                                                                                  subprocess.py:711
           >>>     C:\Users\USER\Documents\GitHub\sample\sampleapp\helloworld                                                                                      subprocess.py:711
           >>> Return code: 0                                                                                                                                      subprocess.py:711
           Stopping old versions of the app... done                                                                                                                    gradle.py:418
                                                                                                                                                                   subprocess.py:711
           >>> Running Command:                                                                                                                                    subprocess.py:711
           >>>     'C:\Users\USER\AppData\Local\BeeWare\briefcase\Cache\tools\android_sdk\platform-tools\adb.exe' -s 9c1724a install -r                            subprocess.py:711
           'C:\Users\USER\Documents\GitHub\sample\sampleapp\helloworld\build\helloworld\android\gradle\app\build\outputs\apk\debug\app-debug.apk'                                   
           >>> Working Directory:                                                                                                                                  subprocess.py:711
           >>>     C:\Users\USER\Documents\GitHub\sample\sampleapp\helloworld                                                                                      subprocess.py:711
[12:02:15] >>> Command Output:                                                                                                                                     subprocess.py:711
           >>>     adb: failed to install                                                                                                                          subprocess.py:711
           C:\Users\USER\Documents\GitHub\sample\sampleapp\helloworld\build\helloworld\android\gradle\app\build\outputs\apk\debug\app-debug.apk: Performing                         
           Streamed Install                                                                                                                                                         
           >>> Return code: 1                                                                                                                                      subprocess.py:711
           Installing new app version...                                                                                                                               gradle.py:422
                                                                                                                                                                      __main__.py:44
           Unable to install APK C:\Users\USER\Documents\GitHub\sample\sampleapp\helloworld\build\helloworld\android\gradle\app\build\outputs\apk\debug\app-debug.apk __main__.py:45
           on 9c1724a                                                                                                                                                               

Main thread traceback:
╭─────────────────────────────────────────────────────────────────────── Traceback (most recent call last) ────────────────────────────────────────────────────────────────────────╮
│ C:\Users\USER\AppData\Local\Programs\Python\Python310\lib\site-packages\briefcase\integrations\android_sdk.py:1511 in install_apk                                                │
│                                                                                                                                                                                  │
│   1508 │   │   :returns: `None` on success; raises an exception on failure.                                                                                                      │
│   1509 │   │   """                                                                                                                                                               │
│   1510 │   │   try:                                                                                                                                                              │
│ ❱ 1511 │   │   │   self.run("install", "-r", apk_path)                                                                                                                           │
│   1512 │   │   except subprocess.CalledProcessError as e:                                                                                                                        │
│   1513 │   │   │   raise BriefcaseCommandError(                                                                                                                                  │
│   1514 │   │   │   │   f"Unable to install APK {apk_path} on {self.device}"                                                                                                      │
│                                                                                                                                                                                  │
│ ╭──────────────────────────────────────────────────────────────────────────── locals ────────────────────────────────────────────────────────────────────────────╮               │
│ │ apk_path = WindowsPath('C:/Users/USER/Documents/GitHub/sample/sampleapp/helloworld/build/helloworld/android/gradle/app/build/outputs/apk/debug/app-debug.apk') │               │
│ │     self = <briefcase.integrations.android_sdk.ADB object at 0x00000200D47675B0>                                                                               │               │
│ ╰────────────────────────────────────────────────────────────────────────────────────────────────────────────────────────────────────────────────────────────────╯               │
│                                                                                                                                                                                  │
│ C:\Users\USER\AppData\Local\Programs\Python\Python310\lib\site-packages\briefcase\integrations\android_sdk.py:1479 in run                                                        │
│                                                                                                                                                                                  │
│   1476 │   │   # checking that they are valid, then parsing output to notice errors.                                                                                             │
│   1477 │   │   # This keeps performance good in the success case.                                                                                                                │
│   1478 │   │   try:                                                                                                                                                              │
│ ❱ 1479 │   │   │   output = self.tools.subprocess.check_output(                                                                                                                  │
│   1480 │   │   │   │   [                                                                                                                                                         │
│   1481 │   │   │   │   │   os.fsdecode(self.tools.android_sdk.adb_path),                                                                                                         │
│   1482 │   │   │   │   │   "-s",                                                                                                                                                 │
│                                                                                                                                                                                  │
│ ╭────────────────────────────────────────────────────────────────────────────── locals ───────────────────────────────────────────────────────────────────────────────╮          │
│ │ arguments = (                                                                                                                                                       │          │
│ │             │   'install',                                                                                                                                          │          │
│ │             │   '-r',                                                                                                                                               │          │
│ │             │   WindowsPath('C:/Users/USER/Documents/GitHub/sample/sampleapp/helloworld/build/helloworld/android/gradle/app/build/outputs/apk/debug/app-debug.apk') │          │
│ │             )                                                                                                                                                       │          │
│ │     quiet = False                                                                                                                                                   │          │
│ │      self = <briefcase.integrations.android_sdk.ADB object at 0x00000200D47675B0>                                                                                   │          │
│ ╰─────────────────────────────────────────────────────────────────────────────────────────────────────────────────────────────────────────────────────────────────────╯          │
│                                                                                                                                                                                  │
│ C:\Users\USER\AppData\Local\Programs\Python\Python310\lib\site-packages\briefcase\integrations\subprocess.py:143 in inner                                                        │
│                                                                                                                                                                                  │
│   140 │   │   │   with sub.tools.input.release_console_control():                                                                                                                │
│   141 │   │   │   │   return sub_method(sub, sub_args, *args, **kwargs)                                                                                                          │
│   142 │   │   else:                                                                                                                                                              │
│ ❱ 143 │   │   │   return sub_method(sub, sub_args, *args, **kwargs)                                                                                                              │
│   144 │                                                                                                                                                                          │
│   145 │   return inner                                                                                                                                                           │
│   146                                                                                                                                                                            │
│                                                                                                                                                                                  │
│ ╭──────────────────────────────────────────────────────────── locals ────────────────────────────────────────────────────────────╮                                               │
│ │                    args = ()                                                                                                   │                                               │
│ │              executable = 'C:\\Users\\USER\\AppData\\Local\\BeeWare\\briefcase\\Cache\\tools\\android_sdk\\platform-t'+12      │                                               │
│ │                  kwargs = {'quiet': False}                                                                                     │                                               │
│ │ remove_dynamic_elements = False                                                                                                │                                               │
│ │                     sub = <briefcase.integrations.subprocess.Subprocess object at 0x00000200D45AB400>                          │                                               │
│ │                sub_args = [                                                                                                    │                                               │
│ │                           │   'C:\\Users\\USER\\AppData\\Local\\BeeWare\\briefcase\\Cache\\tools\\android_sdk\\platform-t'+12, │                                               │
│ │                           │   '-s',                                                                                            │                                               │
│ │                           │   '9c1724a',                                                                                       │                                               │
│ │                           │   'install',                                                                                       │                                               │
│ │                           │   '-r',                                                                                            │                                               │
│ │                           │   'C:\\Users\\USER\\Documents\\GitHub\\sample\\sampleapp\\helloworld\\build\\helloworld\\andr'+52  │                                               │
│ │                           ]                                                                                                    │                                               │
│ │              sub_method = <function Subprocess.check_output at 0x00000200D447EF80>                                             │                                               │
│ ╰────────────────────────────────────────────────────────────────────────────────────────────────────────────────────────────────╯                                               │
│                                                                                                                                                                                  │
│ C:\Users\USER\AppData\Local\Programs\Python\Python310\lib\site-packages\briefcase\integrations\subprocess.py:521 in check_output                                                 │
│                                                                                                                                                                                  │
│   518 │   │   │   self._log_environment(kwargs.get("env"))                                                                                                                       │
│   519 │   │                                                                                                                                                                      │
│   520 │   │   try:                                                                                                                                                               │
│ ❱ 521 │   │   │   cmd_output = self._subprocess.check_output(                                                                                                                    │
│   522 │   │   │   │   [str(arg) for arg in args], **self.final_kwargs(**kwargs)                                                                                                  │
│   523 │   │   │   )                                                                                                                                                              │
│   524 │   │   except subprocess.CalledProcessError as e:                                                                                                                         │
│                                                                                                                                                                                  │
│ ╭─────────────────────────────────────────────────── locals ────────────────────────────────────────────────────╮                                                                │
│ │   args = [                                                                                                    │                                                                │
│ │          │   'C:\\Users\\USER\\AppData\\Local\\BeeWare\\briefcase\\Cache\\tools\\android_sdk\\platform-t'+12, │                                                                │
│ │          │   '-s',                                                                                            │                                                                │
│ │          │   '9c1724a',                                                                                       │                                                                │
│ │          │   'install',                                                                                       │                                                                │
│ │          │   '-r',                                                                                            │                                                                │
│ │          │   'C:\\Users\\USER\\Documents\\GitHub\\sample\\sampleapp\\helloworld\\build\\helloworld\\andr'+52  │                                                                │
│ │          ]                                                                                                    │                                                                │
│ │ kwargs = {'stderr': -2}                                                                                       │                                                                │
│ │  quiet = False                                                                                                │                                                                │
│ │   self = <briefcase.integrations.subprocess.Subprocess object at 0x00000200D45AB400>                          │                                                                │
│ ╰───────────────────────────────────────────────────────────────────────────────────────────────────────────────╯                                                                │
│                                                                                                                                                                                  │
│ C:\Users\USER\AppData\Local\Programs\Python\Python310\lib\subprocess.py:421 in check_output                                                                                      │
│                                                                                                                                                                                  │
│    418 │   │   │   empty = b''                                                                                                                                                   │
│    419 │   │   kwargs['input'] = empty                                                                                                                                           │
│    420 │                                                                                                                                                                         │
│ ❱  421 │   return run(*popenargs, stdout=PIPE, timeout=timeout, check=True,                                                                                                      │
│    422 │   │   │      **kwargs).stdout                                                                                                                                           │
│    423                                                                                                                                                                           │
│    424                                                                                                                                                                           │
│                                                                                                                                                                                  │
│ ╭─────────────────────────────────────────────────────── locals ───────────────────────────────────────────────────────╮                                                         │
│ │    kwargs = {'stderr': -2, 'text': True, 'encoding': 'cp437', 'errors': 'backslashreplace'}                          │                                                         │
│ │ popenargs = (                                                                                                        │                                                         │
│ │             │   [                                                                                                    │                                                         │
│ │             │   │   'C:\\Users\\USER\\AppData\\Local\\BeeWare\\briefcase\\Cache\\tools\\android_sdk\\platform-t'+12, │                                                         │
│ │             │   │   '-s',                                                                                            │                                                         │
│ │             │   │   '9c1724a',                                                                                       │                                                         │
│ │             │   │   'install',                                                                                       │                                                         │
│ │             │   │   '-r',                                                                                            │                                                         │
│ │             │   │   'C:\\Users\\USER\\Documents\\GitHub\\sample\\sampleapp\\helloworld\\build\\helloworld\\andr'+52  │                                                         │
│ │             │   ],                                                                                                   │                                                         │
│ │             )                                                                                                        │                                                         │
│ │   timeout = None                                                                                                     │                                                         │
│ ╰──────────────────────────────────────────────────────────────────────────────────────────────────────────────────────╯                                                         │
│                                                                                                                                                                                  │
│ C:\Users\USER\AppData\Local\Programs\Python\Python310\lib\subprocess.py:526 in run                                                                                               │
│                                                                                                                                                                                  │
│    523 │   │   │   raise                                                                                                                                                         │
│    524 │   │   retcode = process.poll()                                                                                                                                          │
│    525 │   │   if check and retcode:                                                                                                                                             │
│ ❱  526 │   │   │   raise CalledProcessError(retcode, process.args,                                                                                                               │
│    527 │   │   │   │   │   │   │   │   │    output=stdout, stderr=stderr)                                                                                                        │
│    528 │   return CompletedProcess(process.args, retcode, stdout, stderr)                                                                                                        │
│    529                                                                                                                                                                           │
│                                                                                                                                                                                  │
│ ╭───────────────────────────────────────────────────────── locals ──────────────────────────────────────────────────────────╮                                                    │
│ │ capture_output = False                                                                                                    │                                                    │
│ │          check = True                                                                                                     │                                                    │
│ │          input = None                                                                                                     │                                                    │
│ │         kwargs = {'stdout': -1, 'stderr': -2, 'text': True, 'encoding': 'cp437', 'errors': 'backslashreplace'}            │                                                    │
│ │      popenargs = (                                                                                                        │                                                    │
│ │                  │   [                                                                                                    │                                                    │
│ │                  │   │   'C:\\Users\\USER\\AppData\\Local\\BeeWare\\briefcase\\Cache\\tools\\android_sdk\\platform-t'+12, │                                                    │
│ │                  │   │   '-s',                                                                                            │                                                    │
│ │                  │   │   '9c1724a',                                                                                       │                                                    │
│ │                  │   │   'install',                                                                                       │                                                    │
│ │                  │   │   '-r',                                                                                            │                                                    │
│ │                  │   │   'C:\\Users\\USER\\Documents\\GitHub\\sample\\sampleapp\\helloworld\\build\\helloworld\\andr'+52  │                                                    │
│ │                  │   ],                                                                                                   │                                                    │
│ │                  )                                                                                                        │                                                    │
│ │        process = <Popen: returncode: 1 args: ['C:\\Users\\USER\\AppData\\Local\\BeeWare\\brie...>                         │                                                    │
│ │        retcode = 1                                                                                                        │                                                    │
│ │         stderr = None                                                                                                     │                                                    │
│ │         stdout = 'adb: failed to install C:\\Users\\USER\\Documents\\GitHub\\sample\\sampleapp\\helloworl'+105            │                                                    │
│ │        timeout = None                                                                                                     │                                                    │
│ ╰───────────────────────────────────────────────────────────────────────────────────────────────────────────────────────────╯                                                    │
╰──────────────────────────────────────────────────────────────────────────────────────────────────────────────────────────────────────────────────────────────────────────────────╯
CalledProcessError: Command '['C:\\Users\\USER\\AppData\\Local\\BeeWare\\briefcase\\Cache\\tools\\android_sdk\\platform-tools\\adb.exe', '-s', '9c1724a', 'install', '-r', 'C:\\Users\\USER\\Documents\\GitHub\\sample\\sampleapp\\helloworld\\build\\helloworld\\android\\gradle\\app\\build\\outputs\\apk\\debug\\app-debug.apk']' returned non-zero exit status 1.

The above exception was the direct cause of the following exception:

╭─────────────────────────────────────────────────────────────────────── Traceback (most recent call last) ────────────────────────────────────────────────────────────────────────╮
│ C:\Users\USER\AppData\Local\Programs\Python\Python310\lib\site-packages\briefcase\__main__.py:29 in main                                                                         │
│                                                                                                                                                                                  │
│   26 │   │   │   Path.cwd() / "pyproject.toml",                                                                                                                                  │
│   27 │   │   │   overrides=overrides,                                                                                                                                            │
│   28 │   │   )                                                                                                                                                                   │
│ ❱ 29 │   │   command(**options)                                                                                                                                                  │
│   30 │   except HelpText as e:                                                                                                                                                   │
│   31 │   │   logger.info()                                                                                                                                                       │
│   32 │   │   logger.info(str(e))                                                                                                                                                 │
│                                                                                                                                                                                  │
│ ╭─────────────────────────────────────────────────────────────────────────────────── locals ───────────────────────────────────────────────────────────────────────────────────╮ │
│ │       command = <briefcase.platforms.android.gradle.GradleRunCommand object at 0x00000200D45ABDC0>                                                                           │ │
│ │       Command = <class 'briefcase.platforms.android.gradle.GradleRunCommand'>                                                                                                │ │
│ │       console = <briefcase.console.Console object at 0x00000200D44E5B40>                                                                                                     │ │
│ │             e = BriefcaseCommandError('Unable to install APK                                                                                                                 │ │
│ │                 C:\\Users\\USER\\Documents\\GitHub\\sample\\sampleapp\\helloworld\\build\\helloworld\\android\\gradle\\app\\build\\outputs\\apk\\debug\\app-debug.apk on     │ │
│ │                 9c1724a')                                                                                                                                                    │ │
│ │ extra_cmdline = ['--update']                                                                                                                                                 │ │
│ │        logger = <briefcase.console.Log object at 0x00000200D44E6770>                                                                                                         │ │
│ │       options = {                                                                                                                                                            │ │
│ │                 │   'appname': None,                                                                                                                                         │ │
│ │                 │   'update': True,                                                                                                                                          │ │
│ │                 │   'update_requirements': False,                                                                                                                            │ │
│ │                 │   'update_support': False,                                                                                                                                 │ │
│ │                 │   'update_resources': False,                                                                                                                               │ │
│ │                 │   'no_update': False,                                                                                                                                      │ │
│ │                 │   'test_mode': False,                                                                                                                                      │ │
│ │                 │   'device_or_avd': None,                                                                                                                                   │ │
│ │                 │   'extra_emulator_args': None,                                                                                                                             │ │
│ │                 │   'shutdown_on_exit': False,                                                                                                                               │ │
│ │                 │   ... +1                                                                                                                                                   │ │
│ │                 }                                                                                                                                                            │ │
│ │     overrides = {}                                                                                                                                                           │ │
│ │       printer = <briefcase.console.Printer object at 0x00000200D0E1A3B0>                                                                                                     │ │
│ │        result = 200                                                                                                                                                          │ │
│ ╰──────────────────────────────────────────────────────────────────────────────────────────────────────────────────────────────────────────────────────────────────────────────╯ │
│                                                                                                                                                                                  │
│ C:\Users\USER\AppData\Local\Programs\Python\Python310\lib\site-packages\briefcase\commands\run.py:314 in __call__                                                                │
│                                                                                                                                                                                  │
│   311 │   │                                                                                                                                                                      │
│   312 │   │   self.verify_app(app)                                                                                                                                               │
│   313 │   │                                                                                                                                                                      │
│ ❱ 314 │   │   state = self.run_app(                                                                                                                                              │
│   315 │   │   │   app,                                                                                                                                                           │
│   316 │   │   │   test_mode=test_mode,                                                                                                                                           │
│   317 │   │   │   passthrough=[] if passthrough is None else passthrough,                                                                                                        │
│                                                                                                                                                                                  │
│ ╭───────────────────────────────────────────────────────────────────────────────── locals ──────────────────────────────────────────────────────────────────────────────────╮    │
│ │                 app = <com.example.helloworld v0.0.1 AppConfig>                                                                                                           │    │
│ │             appname = None                                                                                                                                                │    │
│ │         binary_file = WindowsPath('C:/Users/USER/Documents/GitHub/sample/sampleapp/helloworld/build/helloworld/android/gradle/app/build/outputs/apk/debug/app-debug.apk') │    │
│ │           no_update = False                                                                                                                                               │    │
│ │             options = {'device_or_avd': None, 'extra_emulator_args': None, 'shutdown_on_exit': False}                                                                     │    │
│ │         passthrough = []                                                                                                                                                  │    │
│ │                self = <briefcase.platforms.android.gradle.GradleRunCommand object at 0x00000200D45ABDC0>                                                                  │    │
│ │               state = None                                                                                                                                                │    │
│ │       template_file = WindowsPath('C:/Users/USER/Documents/GitHub/sample/sampleapp/helloworld/build/helloworld/android/gradle')                                           │    │
│ │           test_mode = False                                                                                                                                               │    │
│ │              update = True                                                                                                                                                │    │
│ │ update_requirements = False                                                                                                                                               │    │
│ │    update_resources = False                                                                                                                                               │    │
│ │      update_support = False                                                                                                                                               │    │
│ ╰───────────────────────────────────────────────────────────────────────────────────────────────────────────────────────────────────────────────────────────────────────────╯    │
│                                                                                                                                                                                  │
│ C:\Users\USER\AppData\Local\Programs\Python\Python310\lib\site-packages\briefcase\platforms\android\gradle.py:423 in run_app                                                     │
│                                                                                                                                                                                  │
│   420 │   │   │                                                                                                                                                                  │
│   421 │   │   │   # Install the latest APK file onto the device.                                                                                                                 │
│   422 │   │   │   with self.input.wait_bar("Installing new app version..."):                                                                                                     │
│ ❱ 423 │   │   │   │   adb.install_apk(self.binary_path(app))                                                                                                                     │
│   424 │   │   │                                                                                                                                                                  │
│   425 │   │   │   # To start the app, we launch `org.beeware.android.MainActivity`.                                                                                              │
│   426 │   │   │   with self.input.wait_bar(f"Launching {label}..."):                                                                                                             │
│                                                                                                                                                                                  │
│ ╭───────────────────────────────────────────────── locals ─────────────────────────────────────────────────╮                                                                     │
│ │                 adb = <briefcase.integrations.android_sdk.ADB object at 0x00000200D47675B0>              │                                                                     │
│ │                 app = <com.example.helloworld v0.0.1 AppConfig>                                          │                                                                     │
│ │                 avd = None                                                                               │                                                                     │
│ │              device = '9c1724a'                                                                          │                                                                     │
│ │       device_or_avd = None                                                                               │                                                                     │
│ │ extra_emulator_args = None                                                                               │                                                                     │
│ │              kwargs = {}                                                                                 │                                                                     │
│ │               label = 'app'                                                                              │                                                                     │
│ │                name = 'vivo 1811 (9c1724a)'                                                              │                                                                     │
│ │             package = 'com.example.helloworld'                                                           │                                                                     │
│ │         passthrough = []                                                                                 │                                                                     │
│ │                self = <briefcase.platforms.android.gradle.GradleRunCommand object at 0x00000200D45ABDC0> │                                                                     │
│ │    shutdown_on_exit = False                                                                              │                                                                     │
│ │           test_mode = False                                                                              │                                                                     │
│ ╰──────────────────────────────────────────────────────────────────────────────────────────────────────────╯                                                                     │
│                                                                                                                                                                                  │
│ C:\Users\USER\AppData\Local\Programs\Python\Python310\lib\site-packages\briefcase\integrations\android_sdk.py:1513 in install_apk                                                │
│                                                                                                                                                                                  │
│   1510 │   │   try:                                                                                                                                                              │
│   1511 │   │   │   self.run("install", "-r", apk_path)                                                                                                                           │
│   1512 │   │   except subprocess.CalledProcessError as e:                                                                                                                        │
│ ❱ 1513 │   │   │   raise BriefcaseCommandError(                                                                                                                                  │
│   1514 │   │   │   │   f"Unable to install APK {apk_path} on {self.device}"                                                                                                      │
│   1515 │   │   │   ) from e                                                                                                                                                      │
│   1516                                                                                                                                                                           │
│                                                                                                                                                                                  │
│ ╭──────────────────────────────────────────────────────────────────────────── locals ────────────────────────────────────────────────────────────────────────────╮               │
│ │ apk_path = WindowsPath('C:/Users/USER/Documents/GitHub/sample/sampleapp/helloworld/build/helloworld/android/gradle/app/build/outputs/apk/debug/app-debug.apk') │               │
│ │     self = <briefcase.integrations.android_sdk.ADB object at 0x00000200D47675B0>                                                                               │               │
│ ╰────────────────────────────────────────────────────────────────────────────────────────────────────────────────────────────────────────────────────────────────╯               │
╰──────────────────────────────────────────────────────────────────────────────────────────────────────────────────────────────────────────────────────────────────────────────────╯
BriefcaseCommandError: Unable to install APK C:\Users\USER\Documents\GitHub\sample\sampleapp\helloworld\build\helloworld\android\gradle\app\build\outputs\apk\debug\app-debug.apk on 9c1724a
[12:02:16]                                                                                                                                                            console.py:418
           Extra information:                                                                                                                                         console.py:419
                                                                                                                                                                   subprocess.py:711
           >>> Running Command:                                                                                                                                    subprocess.py:711
           >>>     'C:\Users\USER\AppData\Local\BeeWare\briefcase\Cache\tools\android_sdk\cmdline-tools\9.0\bin\sdkmanager.bat' --list_installed                   subprocess.py:711
           >>> Working Directory:                                                                                                                                  subprocess.py:711
           >>>     C:\Users\USER\Documents\GitHub\sample\sampleapp\helloworld                                                                                      subprocess.py:711
           >>> Environment Overrides:                                                                                                                              subprocess.py:711
           >>>     ANDROID_HOME=C:\Users\USER\AppData\Local\BeeWare\briefcase\Cache\tools\android_sdk                                                              subprocess.py:711
           >>>     ANDROID_SDK_ROOT=C:\Users\USER\AppData\Local\BeeWare\briefcase\Cache\tools\android_sdk                                                          subprocess.py:711
           >>>     JAVA_HOME=C:\Users\USER\AppData\Local\BeeWare\briefcase\Cache\tools\java17                                                                      subprocess.py:711
[12:02:17] >>> Command Output:                                                                                                                                     subprocess.py:711
           >>>     Loading package information...                                                                                                                  subprocess.py:711
           >>>     Loading local repository...                                                                                                                     subprocess.py:711
           >>>     [=========                              ] 25% Loading local repository...                                                                       subprocess.py:711
           >>>     [=========                              ] 25% Fetch remote repository...                                                                        subprocess.py:711
           >>>     [=======================================] 100% Fetch remote repository...                                                                       subprocess.py:711
           >>>                                                                                                                                                     subprocess.py:711
           >>>     Installed packages:                                                                                                                             subprocess.py:711
           >>>       Path                                        | Version | Description                                | Location                                 subprocess.py:711
           >>>       -------                                     | ------- | -------                                    | -------                                  subprocess.py:711
           >>>       build-tools;34.0.0                          | 34.0.0  | Android SDK Build-Tools 34                 | build-tools\34.0.0                       subprocess.py:711
           >>>       emulator                                    | 33.1.24 | Android Emulator                           | emulator                                 subprocess.py:711
           >>>       platform-tools                              | 34.0.5  | Android SDK Platform-Tools                 | platform-tools                           subprocess.py:711
           >>>       platforms;android-34                        | 2       | Android SDK Platform 34                    | platforms\android-34                     subprocess.py:711
           >>>       system-images;android-33;google_apis;x86_64 | 15      | Google APIs Intel x86_64 Atom System Image |                                          subprocess.py:711
           system-images\android-33\google_apis\x86_64                                                                                                                              
           >>>                                                                                                                                                     subprocess.py:711
           >>> Return code: 0                                                                                                                                      subprocess.py:711
