Date/Time:       2024-02-17 20:35:16 
Command line:    C:\Users\USER\AppData\Local\Programs\Python\Python310\Scripts\briefcase run android --update

OS Release:      Windows 10
OS Version:      10.0.22621
Architecture:    AMD64
Platform:        Windows-10-10.0.22621-SP0

Python exe:      C:\Users\USER\AppData\Local\Programs\Python\Python310\python.exe
Python version:  3.10.8 (tags/v3.10.8:aaaf517, Oct 11 2022, 16:50:30) [MSC v.1933 64 bit (AMD64)]
Virtual env:     False
Conda env:       False

Briefcase:       0.3.17
Target platform: android
Target format:   gradle

Environment Variables:
	ALLUSERSPROFILE=C:\ProgramData
	APPDATA=C:\Users\USER\AppData\Roaming
	CHOCOLATEYINSTALL=C:\ProgramData\chocolatey
	CHOCOLATEYLASTPATHUPDATE=133104585271200455
	CHROME_CRASHPAD_PIPE_NAME=\\.\pipe\crashpad_11652_HYUFTTWRWWBAZSTS
	COLORTERM=truecolor
	COMMONPROGRAMFILES=C:\Program Files\Common Files
	COMMONPROGRAMFILES(X86)=C:\Program Files (x86)\Common Files
	COMMONPROGRAMW6432=C:\Program Files\Common Files
	COMPUTERNAME=LAPTOP-5GSAESA1
	COMSPEC=C:\WINDOWS\system32\cmd.exe
	DRIVERDATA=C:\Windows\System32\Drivers\DriverData
	GIT_ASKPASS=********************
	HOMEDRIVE=C:
	HOMEPATH=\Users\USER
	LANG=en_US.UTF-8
	LOCALAPPDATA=C:\Users\USER\AppData\Local
	LOGONSERVER=\\LAPTOP-5GSAESA1
	LYNX=C:\Program Files (x86)\Lynx - web browser\lynx.exe
	NUMBER_OF_PROCESSORS=4
	ONEDRIVE=C:\Users\USER\OneDrive
	ORIGINAL_XDG_CURRENT_DESKTOP=undefined
	OS=Windows_NT
	PATH=C:\Program Files\Common Files\Oracle\Java\javapath;C:\WINDOWS\system32;C:\WINDOWS;C:\WINDOWS\System32\Wbem;C:\WINDOWS\System32\WindowsPowerShell\v1.0\;C:\WINDOWS\System32\OpenSSH\;C:\Program Files\nodejs\;C:\Program Files\Git\cmd;C:\ProgramData\chocolatey\bin;C:\Users\USER\AppData\Local\Programs\Python\Python310;C:\Users\USER\AppData\Local\Programs\Python\Python310\Scripts;C:\xampp\php;C:\ProgramData\ComposerSetup\bin;C:\Users\USER\AppData\Local\Microsoft\WindowsApps;C:\Users\USER\AppData\Local\Programs\Microsoft VS Code\bin;C:\Users\USER\AppData\Roaming\npm;C:\Users\USER\AppData\Local\GitHubDesktop\bin;C:\Users\USER\AppData\Roaming\TinyTeX\bin\win32;C:\Users\USER\AppData\Roaming\Composer\vendor\bin
	PATHEXT=.COM;.EXE;.BAT;.CMD;.VBS;.VBE;.JS;.JSE;.WSF;.WSH;.MSC;.CPL
	PROCESSOR_ARCHITECTURE=AMD64
	PROCESSOR_IDENTIFIER=Intel64 Family 6 Model 140 Stepping 1, GenuineIntel
	PROCESSOR_LEVEL=6
	PROCESSOR_REVISION=8c01
	PROGRAMDATA=C:\ProgramData
	PROGRAMFILES=C:\Program Files
	PROGRAMFILES(X86)=C:\Program Files (x86)
	PROGRAMW6432=C:\Program Files
	PROMPT=$P$G
	PSMODULEPATH=C:\Users\USER\Documents\WindowsPowerShell\Modules;C:\Program Files\WindowsPowerShell\Modules;C:\WINDOWS\system32\WindowsPowerShell\v1.0\Modules
	PUBLIC=C:\Users\Public
	SESSIONNAME=Console
	SYSTEMDRIVE=C:
	SYSTEMROOT=C:\WINDOWS
	TEMP=C:\Users\USER\AppData\Local\Temp
	TERM_PROGRAM=vscode
	TERM_PROGRAM_VERSION=1.86.2
	TMP=C:\Users\USER\AppData\Local\Temp
	USERDOMAIN=LAPTOP-5GSAESA1
	USERDOMAIN_ROAMINGPROFILE=LAPTOP-5GSAESA1
	USERNAME=USER
	USERPROFILE=C:\Users\USER
	VBOX_MSI_INSTALL_PATH=C:\Program Files\Oracle\VirtualBox\
	VS140COMNTOOLS=C:\Program Files (x86)\Microsoft Visual Studio 14.0\Common7\Tools\
	VSCODE_GIT_ASKPASS_EXTRA_ARGS=********************
	VSCODE_GIT_ASKPASS_MAIN=********************
	VSCODE_GIT_ASKPASS_NODE=********************
	VSCODE_GIT_IPC_HANDLE=\\.\pipe\vscode-git-4166187714-sock
	WINDIR=C:\WINDOWS
	WSLENV=WT_SESSION:WT_PROFILE_ID:
	WT_PROFILE_ID={0caa0dad-35be-5f56-a8ff-afceeeaa6101}
	WT_SESSION=e44565b8-667b-4e1d-830e-0138fe975e9f
	ZES_ENABLE_SYSMAN=1
	__PSLOCKDOWNPOLICY=0

Briefcase Log:
[20:35:00] Using JDK at C:\Users\USER\AppData\Local\BeeWare\briefcase\Cache\tools\java17                                                                                 java.py:261
           Using Android SDK at C:\Users\USER\AppData\Local\BeeWare\briefcase\Cache\tools\android_sdk                                                             android_sdk.py:363
           Android emulator is already installed.                                                                                                                 android_sdk.py:638
                                                                                                                                                                        update.py:43
           [helloworld] Updating application code...                                                                                                                    update.py:43
           Installing src/helloworld... done                                                                                                                           create.py:624
                                                                                                                                                                        update.py:59
           [helloworld] Removing unneeded app content...                                                                                                                update.py:59
           Removing directory app\build\python\env\debug\Lib\site-packages\chaquopy\__pycache__                                                                        create.py:807
           Removing directory app\build\python\env\debug\Lib\site-packages\_distutils_hack\__pycache__                                                                 create.py:807
           Removing directory app\src\main\python\helloworld\__pycache__                                                                                               create.py:807
           Removing unneeded app bundle content... done                                                                                                                create.py:800
                                                                                                                                                                        update.py:62
           [helloworld] Application updated.                                                                                                                            update.py:62
                                                                                                                                                                       gradle.py:314
           [helloworld] Updating app metadata...                                                                                                                       gradle.py:314
           Setting main module... done                                                                                                                                 gradle.py:296
                                                                                                                                                                       gradle.py:317
           [helloworld] Building Android APK...                                                                                                                        gradle.py:317
           Android emulator is already installed.                                                                                                                 android_sdk.py:638
                                                                                                                                                                   subprocess.py:711
           >>> Running Command:                                                                                                                                    subprocess.py:711
           >>>     'C:\Users\USER\Documents\GitHub\sample\sampleapp\helloworld\build\helloworld\android\gradle\gradlew.bat' --console plain assembleDebug          subprocess.py:711
           >>> Working Directory:                                                                                                                                  subprocess.py:711
           >>>     C:\Users\USER\Documents\GitHub\sample\sampleapp\helloworld\build\helloworld\android\gradle                                                      subprocess.py:711
           >>> Environment Overrides:                                                                                                                              subprocess.py:711
           >>>     ANDROID_HOME=C:\Users\USER\AppData\Local\BeeWare\briefcase\Cache\tools\android_sdk                                                              subprocess.py:711
           >>>     ANDROID_SDK_ROOT=C:\Users\USER\AppData\Local\BeeWare\briefcase\Cache\tools\android_sdk                                                          subprocess.py:711
           >>>     JAVA_HOME=C:\Users\USER\AppData\Local\BeeWare\briefcase\Cache\tools\java17                                                                      subprocess.py:711
[20:35:02]                                                                                                                                                         subprocess.py:685
           > Configure project :app                                                                                                                                subprocess.py:685
           Warning: Python version 3.10 may have fewer packages available. If you experience problems, try switching to version 3.8.                               subprocess.py:685
                                                                                                                                                                   subprocess.py:685
           > Task :app:preBuild UP-TO-DATE                                                                                                                         subprocess.py:685
           > Task :app:preDebugBuild UP-TO-DATE                                                                                                                    subprocess.py:685
           > Task :app:mergeDebugNativeDebugMetadata NO-SOURCE                                                                                                     subprocess.py:685
           > Task :app:extractDebugPythonBuildPackages UP-TO-DATE                                                                                                  subprocess.py:685
           > Task :app:generateDebugPythonRequirements UP-TO-DATE                                                                                                  subprocess.py:685
           > Task :app:mergeDebugPythonSources UP-TO-DATE                                                                                                          subprocess.py:685
           > Task :app:generateDebugPythonProxies UP-TO-DATE                                                                                                       subprocess.py:685
           > Task :app:javaPreCompileDebug UP-TO-DATE                                                                                                              subprocess.py:685
           > Task :app:checkDebugAarMetadata UP-TO-DATE                                                                                                            subprocess.py:685
           > Task :app:generateDebugResValues UP-TO-DATE                                                                                                           subprocess.py:685
           > Task :app:mapDebugSourceSetPaths UP-TO-DATE                                                                                                           subprocess.py:685
           > Task :app:generateDebugResources UP-TO-DATE                                                                                                           subprocess.py:685
           > Task :app:mergeDebugResources UP-TO-DATE                                                                                                              subprocess.py:685
           > Task :app:packageDebugResources UP-TO-DATE                                                                                                            subprocess.py:685
           > Task :app:parseDebugLocalResources UP-TO-DATE                                                                                                         subprocess.py:685
           > Task :app:createDebugCompatibleScreenManifests UP-TO-DATE                                                                                             subprocess.py:685
           > Task :app:extractDeepLinksDebug UP-TO-DATE                                                                                                            subprocess.py:685
           > Task :app:processDebugMainManifest UP-TO-DATE                                                                                                         subprocess.py:685
           > Task :app:processDebugManifest UP-TO-DATE                                                                                                             subprocess.py:685
           > Task :app:processDebugManifestForPackage UP-TO-DATE                                                                                                   subprocess.py:685
           > Task :app:processDebugResources UP-TO-DATE                                                                                                            subprocess.py:685
           > Task :app:compileDebugJavaWithJavac UP-TO-DATE                                                                                                        subprocess.py:685
           > Task :app:mergeDebugShaders UP-TO-DATE                                                                                                                subprocess.py:685
           > Task :app:compileDebugShaders NO-SOURCE                                                                                                               subprocess.py:685
           > Task :app:generateDebugAssets UP-TO-DATE                                                                                                              subprocess.py:685
           > Task :app:generateDebugPythonMiscAssets UP-TO-DATE                                                                                                    subprocess.py:685
           > Task :app:generateDebugPythonRequirementsAssets UP-TO-DATE                                                                                            subprocess.py:685
           > Task :app:generateDebugPythonSourceAssets UP-TO-DATE                                                                                                  subprocess.py:685
           > Task :app:generateDebugPythonBuildAssets UP-TO-DATE                                                                                                   subprocess.py:685
           > Task :app:mergeDebugAssets UP-TO-DATE                                                                                                                 subprocess.py:685
           > Task :app:compressDebugAssets UP-TO-DATE                                                                                                              subprocess.py:685
           > Task :app:processDebugJavaRes NO-SOURCE                                                                                                               subprocess.py:685
           > Task :app:mergeDebugJavaResource UP-TO-DATE                                                                                                           subprocess.py:685
           > Task :app:checkDebugDuplicateClasses UP-TO-DATE                                                                                                       subprocess.py:685
           > Task :app:desugarDebugFileDependencies UP-TO-DATE                                                                                                     subprocess.py:685
           > Task :app:mergeExtDexDebug UP-TO-DATE                                                                                                                 subprocess.py:685
           > Task :app:mergeLibDexDebug UP-TO-DATE                                                                                                                 subprocess.py:685
           > Task :app:dexBuilderDebug UP-TO-DATE                                                                                                                  subprocess.py:685
           > Task :app:mergeProjectDexDebug UP-TO-DATE                                                                                                             subprocess.py:685
           > Task :app:generateDebugPythonJniLibs UP-TO-DATE                                                                                                       subprocess.py:685
           > Task :app:mergeDebugJniLibFolders UP-TO-DATE                                                                                                          subprocess.py:685
           > Task :app:mergeDebugNativeLibs UP-TO-DATE                                                                                                             subprocess.py:685
           > Task :app:stripDebugDebugSymbols UP-TO-DATE                                                                                                           subprocess.py:685
           > Task :app:validateSigningDebug UP-TO-DATE                                                                                                             subprocess.py:685
           > Task :app:writeDebugAppMetadata UP-TO-DATE                                                                                                            subprocess.py:685
           > Task :app:writeDebugSigningConfigVersions UP-TO-DATE                                                                                                  subprocess.py:685
           > Task :app:packageDebug UP-TO-DATE                                                                                                                     subprocess.py:685
           > Task :app:createDebugApkListingFileRedirect UP-TO-DATE                                                                                                subprocess.py:685
           > Task :app:assembleDebug UP-TO-DATE                                                                                                                    subprocess.py:685
                                                                                                                                                                   subprocess.py:685
           BUILD SUCCESSFUL in 1s                                                                                                                                  subprocess.py:685
           41 actionable tasks: 41 up-to-date                                                                                                                      subprocess.py:685
           >>> Return code: 0                                                                                                                                      subprocess.py:711
           Building... done                                                                                                                                            gradle.py:318
                                                                                                                                                                         build.py:76
           [helloworld] Built build\helloworld\android\gradle\app\build\outputs\apk\debug\app-debug.apk                                                                  build.py:76
                                                                                                                                                                   subprocess.py:711
           >>> Running Command:                                                                                                                                    subprocess.py:711
           >>>     'C:\Users\USER\AppData\Local\BeeWare\briefcase\Cache\tools\android_sdk\platform-tools\adb.exe' devices -l                                       subprocess.py:711
           >>> Working Directory:                                                                                                                                  subprocess.py:711
           >>>     C:\Users\USER\Documents\GitHub\sample\sampleapp\helloworld                                                                                      subprocess.py:711
           >>> Command Output:                                                                                                                                     subprocess.py:711
           >>>     List of devices attached                                                                                                                        subprocess.py:711
           >>>     9c1724a                offline transport_id:6                                                                                                   subprocess.py:711
           >>>                                                                                                                                                     subprocess.py:711
           >>> Return code: 0                                                                                                                                      subprocess.py:711
                                                                                                                                                                   subprocess.py:711
           >>> Running Command:                                                                                                                                    subprocess.py:711
           >>>     'C:\Users\USER\AppData\Local\BeeWare\briefcase\Cache\tools\android_sdk\platform-tools\adb.exe' -s 9c1724a emu avd name                          subprocess.py:711
           >>> Working Directory:                                                                                                                                  subprocess.py:711
           >>>     C:\Users\USER\Documents\GitHub\sample\sampleapp\helloworld                                                                                      subprocess.py:711
           >>> Return code: 1                                                                                                                                      subprocess.py:711
                                                                                                                                                                   subprocess.py:711
           >>> Running Command:                                                                                                                                    subprocess.py:711
           >>>     'C:\Users\USER\AppData\Local\BeeWare\briefcase\Cache\tools\android_sdk\emulator\emulator.exe' -list-avds                                        subprocess.py:711
           >>> Working Directory:                                                                                                                                  subprocess.py:711
           >>>     C:\Users\USER\Documents\GitHub\sample\sampleapp\helloworld                                                                                      subprocess.py:711
[20:35:03] >>> Command Output:                                                                                                                                     subprocess.py:711
           >>>     Pixel_3a_API_33_x86_64                                                                                                                          subprocess.py:711
           >>>     Pixel_5_API_30                                                                                                                                  subprocess.py:711
           >>> Return code: 0                                                                                                                                      subprocess.py:711
                                                                                                                                                                 android_sdk.py:1023
           Select device:                                                                                                                                        android_sdk.py:1024
                                                                                                                                                                 android_sdk.py:1025
             1) Unknown device (offline) (9c1724a)                                                                                                                    console.py:730
             2) @Pixel_3a_API_33_x86_64 (emulator)                                                                                                                    console.py:730
             3) @Pixel_5_API_30 (emulator)                                                                                                                            console.py:730
             4) Create a new Android emulator                                                                                                                         console.py:730
                                                                                                                                                                      console.py:732
[20:35:15] >                                                                                                                                                          console.py:735
           User input: 1                                                                                                                                              console.py:735
                                                                                                                                                                      __main__.py:44
                                                                                                                                                                      __main__.py:45
           The device you have selected (9c1724a) has not had developer options and                                                                                   __main__.py:45
           USB debugging enabled. These must be enabled before a device can be used  as a                                                                             __main__.py:45
           target for deployment. For details on how to enable Developer Options, visit:                                                                              __main__.py:45
                                                                                                                                                                      __main__.py:45
               https://developer.android.com/studio/debug/dev-options#enable                                                                                          __main__.py:45
                                                                                                                                                                      __main__.py:45
           Once you have enabled these options on your device, you will be able to select                                                                             __main__.py:45
           this device as a deployment target.                                                                                                                        __main__.py:45
                                                                                                                                                                      __main__.py:45

Main thread traceback:
╭─────────────────────────────────────────────────────────────────────── Traceback (most recent call last) ────────────────────────────────────────────────────────────────────────╮
│ C:\Users\USER\AppData\Local\Programs\Python\Python310\lib\site-packages\briefcase\__main__.py:29 in main                                                                         │
│                                                                                                                                                                                  │
│   26 │   │   │   Path.cwd() / "pyproject.toml",                                                                                                                                  │
│   27 │   │   │   overrides=overrides,                                                                                                                                            │
│   28 │   │   )                                                                                                                                                                   │
│ ❱ 29 │   │   command(**options)                                                                                                                                                  │
│   30 │   except HelpText as e:                                                                                                                                                   │
│   31 │   │   logger.info()                                                                                                                                                       │
│   32 │   │   logger.info(str(e))                                                                                                                                                 │
│                                                                                                                                                                                  │
│ ╭────────────────────────────────────────────── locals ──────────────────────────────────────────────╮                                                                           │
│ │       command = <briefcase.platforms.android.gradle.GradleRunCommand object at 0x0000028A7356BD90> │                                                                           │
│ │       Command = <class 'briefcase.platforms.android.gradle.GradleRunCommand'>                      │                                                                           │
│ │       console = <briefcase.console.Console object at 0x0000028A734A5B10>                           │                                                                           │
│ │             e = AndroidDeviceNotAuthorized('9c1724a')                                              │                                                                           │
│ │ extra_cmdline = ['--update']                                                                       │                                                                           │
│ │        logger = <briefcase.console.Log object at 0x0000028A734A6740>                               │                                                                           │
│ │       options = {                                                                                  │                                                                           │
│ │                 │   'appname': None,                                                               │                                                                           │
│ │                 │   'update': True,                                                                │                                                                           │
│ │                 │   'update_requirements': False,                                                  │                                                                           │
│ │                 │   'update_support': False,                                                       │                                                                           │
│ │                 │   'update_resources': False,                                                     │                                                                           │
│ │                 │   'no_update': False,                                                            │                                                                           │
│ │                 │   'test_mode': False,                                                            │                                                                           │
│ │                 │   'device_or_avd': None,                                                         │                                                                           │
│ │                 │   'extra_emulator_args': None,                                                   │                                                                           │
│ │                 │   'shutdown_on_exit': False,                                                     │                                                                           │
│ │                 │   ... +1                                                                         │                                                                           │
│ │                 }                                                                                  │                                                                           │
│ │     overrides = {}                                                                                 │                                                                           │
│ │       printer = <briefcase.console.Printer object at 0x0000028A6FD4A3B0>                           │                                                                           │
│ │        result = 200                                                                                │                                                                           │
│ ╰────────────────────────────────────────────────────────────────────────────────────────────────────╯                                                                           │
│                                                                                                                                                                                  │
│ C:\Users\USER\AppData\Local\Programs\Python\Python310\lib\site-packages\briefcase\commands\run.py:314 in __call__                                                                │
│                                                                                                                                                                                  │
│   311 │   │                                                                                                                                                                      │
│   312 │   │   self.verify_app(app)                                                                                                                                               │
│   313 │   │                                                                                                                                                                      │
│ ❱ 314 │   │   state = self.run_app(                                                                                                                                              │
│   315 │   │   │   app,                                                                                                                                                           │
│   316 │   │   │   test_mode=test_mode,                                                                                                                                           │
│   317 │   │   │   passthrough=[] if passthrough is None else passthrough,                                                                                                        │
│                                                                                                                                                                                  │
│ ╭───────────────────────────────────────────────────────────────────────────────── locals ──────────────────────────────────────────────────────────────────────────────────╮    │
│ │                 app = <com.example.helloworld v0.0.1 AppConfig>                                                                                                           │    │
│ │             appname = None                                                                                                                                                │    │
│ │         binary_file = WindowsPath('C:/Users/USER/Documents/GitHub/sample/sampleapp/helloworld/build/helloworld/android/gradle/app/build/outputs/apk/debug/app-debug.apk') │    │
│ │           no_update = False                                                                                                                                               │    │
│ │             options = {'device_or_avd': None, 'extra_emulator_args': None, 'shutdown_on_exit': False}                                                                     │    │
│ │         passthrough = []                                                                                                                                                  │    │
│ │                self = <briefcase.platforms.android.gradle.GradleRunCommand object at 0x0000028A7356BD90>                                                                  │    │
│ │               state = None                                                                                                                                                │    │
│ │       template_file = WindowsPath('C:/Users/USER/Documents/GitHub/sample/sampleapp/helloworld/build/helloworld/android/gradle')                                           │    │
│ │           test_mode = False                                                                                                                                               │    │
│ │              update = True                                                                                                                                                │    │
│ │ update_requirements = False                                                                                                                                               │    │
│ │    update_resources = False                                                                                                                                               │    │
│ │      update_support = False                                                                                                                                               │    │
│ ╰───────────────────────────────────────────────────────────────────────────────────────────────────────────────────────────────────────────────────────────────────────────╯    │
│                                                                                                                                                                                  │
│ C:\Users\USER\AppData\Local\Programs\Python\Python310\lib\site-packages\briefcase\platforms\android\gradle.py:378 in run_app                                                     │
│                                                                                                                                                                                  │
│   375 │   │   :param extra_emulator_args: Any additional arguments to pass to the emulator.                                                                                      │
│   376 │   │   :param shutdown_on_exit: Should the emulator be shut down on exit?                                                                                                 │
│   377 │   │   """                                                                                                                                                                │
│ ❱ 378 │   │   device, name, avd = self.tools.android_sdk.select_target_device(device_or_avd)                                                                                     │
│   379 │   │                                                                                                                                                                      │
│   380 │   │   # If there's no device ID, that means the emulator isn't running.                                                                                                  │
│   381 │   │   # If there's no AVD either, it means the user has chosen to create                                                                                                 │
│                                                                                                                                                                                  │
│ ╭───────────────────────────────────────────────── locals ─────────────────────────────────────────────────╮                                                                     │
│ │                 app = <com.example.helloworld v0.0.1 AppConfig>                                          │                                                                     │
│ │       device_or_avd = None                                                                               │                                                                     │
│ │ extra_emulator_args = None                                                                               │                                                                     │
│ │              kwargs = {}                                                                                 │                                                                     │
│ │         passthrough = []                                                                                 │                                                                     │
│ │                self = <briefcase.platforms.android.gradle.GradleRunCommand object at 0x0000028A7356BD90> │                                                                     │
│ │    shutdown_on_exit = False                                                                              │                                                                     │
│ │           test_mode = False                                                                              │                                                                     │
│ ╰──────────────────────────────────────────────────────────────────────────────────────────────────────────╯                                                                     │
│                                                                                                                                                                                  │
│ C:\Users\USER\AppData\Local\Programs\Python\Python310\lib\site-packages\briefcase\integrations\android_sdk.py:1062 in select_target_device                                       │
│                                                                                                                                                                                  │
│   1059 │   │   │   details = running_devices[choice]                                                                                                                             │
│   1060 │   │   │   if not details["authorized"]:                                                                                                                                 │
│   1061 │   │   │   │   # An unauthorized physical device                                                                                                                         │
│ ❱ 1062 │   │   │   │   raise AndroidDeviceNotAuthorized(choice)                                                                                                                  │
│   1063 │   │   │                                                                                                                                                                 │
│   1064 │   │   │   # Return the device ID and name.                                                                                                                              │
│   1065 │   │   │   device = choice                                                                                                                                               │
│                                                                                                                                                                                  │
│ ╭──────────────────────────────────────────── locals ────────────────────────────────────────────╮                                                                               │
│ │             avd = 'Pixel_5_API_30'                                                             │                                                                               │
│ │          choice = '9c1724a'                                                                    │                                                                               │
│ │         choices = [                                                                            │                                                                               │
│ │                   │   ('9c1724a', 'Unknown device (offline) (9c1724a)'),                       │                                                                               │
│ │                   │   ('@Pixel_3a_API_33_x86_64', '@Pixel_3a_API_33_x86_64 (emulator)'),       │                                                                               │
│ │                   │   ('@Pixel_5_API_30', '@Pixel_5_API_30 (emulator)'),                       │                                                                               │
│ │                   │   (None, 'Create a new Android emulator')                                  │                                                                               │
│ │                   ]                                                                            │                                                                               │
│ │               d = '9c1724a'                                                                    │                                                                               │
│ │         details = {'name': 'Unknown device (offline)', 'authorized': False}                    │                                                                               │
│ │  device_choices = {                                                                            │                                                                               │
│ │                   │   '9c1724a': 'Unknown device (offline) (9c1724a)',                         │                                                                               │
│ │                   │   '@Pixel_3a_API_33_x86_64': '@Pixel_3a_API_33_x86_64 (emulator)',         │                                                                               │
│ │                   │   '@Pixel_5_API_30': '@Pixel_5_API_30 (emulator)'                          │                                                                               │
│ │                   }                                                                            │                                                                               │
│ │   device_or_avd = None                                                                         │                                                                               │
│ │       full_name = 'Unknown device (offline) (9c1724a)'                                         │                                                                               │
│ │            name = '@Pixel_5_API_30 (emulator)'                                                 │                                                                               │
│ │    running_avds = {}                                                                           │                                                                               │
│ │ running_devices = {'9c1724a': {'name': 'Unknown device (offline)', 'authorized': False}}       │                                                                               │
│ │            self = <briefcase.integrations.android_sdk.AndroidSDK object at 0x0000028A73568B80> │                                                                               │
│ ╰────────────────────────────────────────────────────────────────────────────────────────────────╯                                                                               │
╰──────────────────────────────────────────────────────────────────────────────────────────────────────────────────────────────────────────────────────────────────────────────────╯
AndroidDeviceNotAuthorized: 
The device you have selected (9c1724a) has not had developer options and
USB debugging enabled. These must be enabled before a device can be used  as a
target for deployment. For details on how to enable Developer Options, visit:

    https://developer.android.com/studio/debug/dev-options#enable

Once you have enabled these options on your device, you will be able to select
this device as a deployment target.


                                                                                                                                                                      console.py:418
           Extra information:                                                                                                                                         console.py:419
                                                                                                                                                                   subprocess.py:711
           >>> Running Command:                                                                                                                                    subprocess.py:711
           >>>     'C:\Users\USER\AppData\Local\BeeWare\briefcase\Cache\tools\android_sdk\cmdline-tools\9.0\bin\sdkmanager.bat' --list_installed                   subprocess.py:711
           >>> Working Directory:                                                                                                                                  subprocess.py:711
           >>>     C:\Users\USER\Documents\GitHub\sample\sampleapp\helloworld                                                                                      subprocess.py:711
           >>> Environment Overrides:                                                                                                                              subprocess.py:711
           >>>     ANDROID_HOME=C:\Users\USER\AppData\Local\BeeWare\briefcase\Cache\tools\android_sdk                                                              subprocess.py:711
           >>>     ANDROID_SDK_ROOT=C:\Users\USER\AppData\Local\BeeWare\briefcase\Cache\tools\android_sdk                                                          subprocess.py:711
           >>>     JAVA_HOME=C:\Users\USER\AppData\Local\BeeWare\briefcase\Cache\tools\java17                                                                      subprocess.py:711
[20:35:16] >>> Command Output:                                                                                                                                     subprocess.py:711
           >>>     Loading package information...                                                                                                                  subprocess.py:711
           >>>     Loading local repository...                                                                                                                     subprocess.py:711
           >>>     [=========                              ] 25% Loading local repository...                                                                       subprocess.py:711
           >>>     [=========                              ] 25% Fetch remote repository...                                                                        subprocess.py:711
           >>>     [=======================================] 100% Fetch remote repository...                                                                       subprocess.py:711
           >>>                                                                                                                                                     subprocess.py:711
           >>>     Installed packages:                                                                                                                             subprocess.py:711
           >>>       Path                                        | Version | Description                                | Location                                 subprocess.py:711
           >>>       -------                                     | ------- | -------                                    | -------                                  subprocess.py:711
           >>>       build-tools;34.0.0                          | 34.0.0  | Android SDK Build-Tools 34                 | build-tools\34.0.0                       subprocess.py:711
           >>>       emulator                                    | 33.1.24 | Android Emulator                           | emulator                                 subprocess.py:711
           >>>       platform-tools                              | 34.0.5  | Android SDK Platform-Tools                 | platform-tools                           subprocess.py:711
           >>>       platforms;android-34                        | 2       | Android SDK Platform 34                    | platforms\android-34                     subprocess.py:711
           >>>       system-images;android-33;google_apis;x86_64 | 15      | Google APIs Intel x86_64 Atom System Image |                                          subprocess.py:711
           system-images\android-33\google_apis\x86_64                                                                                                                              
           >>>                                                                                                                                                     subprocess.py:711
           >>> Return code: 0                                                                                                                                      subprocess.py:711
